<?xml version="1.0" encoding="UTF-8" standalone="yes"?>
<persistence xmlns="http://xmlns.jcp.org/xml/ns/persistence" xmlns:xsi="http://www.w3.org/2001/XMLSchema-instance"
  version="2.1"
  xsi:schemaLocation="http://xmlns.jcp.org/xml/ns/persistence http://xmlns.jcp.org/xml/ns/persistence/persistence_2_1.xsd">
  <persistence-unit name="test">
    <provider>org.hibernate.ejb.HibernatePersistence</provider>
    <jta-data-source>java:app/datasources/postgresql_ds</jta-data-source>
    <exclude-unlisted-classes>false</exclude-unlisted-classes>
    <properties>
      <property name="hibernate.hbm2ddl.auto" value="create-drop"/>
      <property name="hibernate.show_sql" value="true"/>
      <property name="hibernate.format_sql" value="true"/>
      <property name="hibernate.transaction.flush_before_completion" value="true"/>
      <property name="hibernate.dialect" value="org.hibernate.dialect.PostgreSQLDialect"/>
    </properties>
  </persistence-unit>
</persistence>
