<?xml version="1.0" encoding="UTF-8"?>
<persistence xmlns:xsi="http://www.w3.org/2001/XMLSchema-instance"
  version="2.0" xmlns="http://java.sun.com/xml/ns/persistence"
  xsi:schemaLocation="http://java.sun.com/xml/ns/persistence http://java.sun.com/xml/ns/persistence/persistence_2_0.xsd">

  <persistence-unit name="test">
    <jta-data-source>java:jboss/datasources/ExampleDS</jta-data-source>
    <properties>
      <property name="hibernate.hbm2ddl.auto" value="create-drop"/>
      <property name="hibernate.show_sql" value="true" />
      <property name="hibernate.dialect" value="org.hibernate.dialect.PostgreSQLDialect" />
      <property name="wildfly.jpa.twophasebootstrap" value="false"/>
    </properties>
  </persistence-unit>

</persistence>
